2024-06-20 22:25:14,636 - pyswarms.single.global_best - INFO - Optimize for 1000 iters with {'c1': 0.5, 'c2': 0.3, 'w': 0.9}
2024-06-20 22:25:15,349 - pyswarms.single.global_best - INFO - Optimization finished | best cost: -3.0, best pos: [0.44089116 0.257372   0.42461531 0.07203052 0.307184   0.32008948
 0.19447604 0.26443664 0.30827282 0.08464898 0.39116279 0.40943612
 0.29758348 0.19031674 0.33896138 0.4600294  0.25437165]
2024-06-20 22:26:07,531 - pyswarms.single.global_best - INFO - Optimize for 1000 iters with {'c1': 0.5, 'c2': 0.3, 'w': 0.9}
2024-06-20 22:26:08,234 - pyswarms.single.global_best - INFO - Optimization finished | best cost: -3.0, best pos: [0.41973367 0.31367776 0.02500111 0.317868   0.07819882 0.23373164
 0.47076446 0.1580176  0.35634376 0.38513489 0.44714265 0.45722075
 0.1414179  0.43554454 0.29707468 0.47785034 0.32208136]
2024-06-20 22:27:34,690 - pyswarms.single.global_best - INFO - Optimize for 1000 iters with {'c1': 0.5, 'c2': 0.3, 'w': 0.9}
2024-06-20 22:27:35,435 - pyswarms.single.global_best - INFO - Optimization finished | best cost: -3.0, best pos: [0.33041341 0.32021278 0.2685314  0.32823973 0.17144542 0.19475556
 0.11949616 0.47289963 0.13710435 0.32671181 0.28125658 0.48518382
 0.04616982 0.25757958 0.12640873 0.42622122 0.0434171 ]
2024-06-20 22:28:01,106 - pyswarms.single.global_best - INFO - Optimize for 10000 iters with {'c1': 0.5, 'c2': 0.3, 'w': 0.9}
2024-06-20 22:28:08,593 - pyswarms.single.global_best - INFO - Optimization finished | best cost: -3.0, best pos: [0.29990081 0.34558623 0.44347786 0.44064641 0.23544332 0.37044409
 0.45588474 0.18376151 0.31640865 0.29720529 0.42014369 0.47032977
 0.27335394 0.22549319 0.31358442 0.29892038 0.40221395]
2024-06-20 22:28:42,646 - pyswarms.single.global_best - INFO - Optimize for 10000 iters with {'c1': 0.5, 'c2': 0.3, 'w': 0.9}
2024-06-20 22:29:27,086 - pyswarms.single.global_best - INFO - Optimization finished | best cost: -3.0, best pos: [0.37475279 0.2116588  0.44912673 0.0416333  0.22582489 0.10208162
 0.35098446 0.30926755 0.36086096 0.41263041 0.29514406 0.40057634
 0.27123685 0.20197228 0.34535323 0.31114299 0.2452409 ]
2024-06-20 22:32:34,634 - pyswarms.single.global_best - INFO - Optimize for 10000 iters with {'c1': 0.1, 'c2': 0.1, 'w': 0.6}
2024-06-20 22:33:14,631 - pyswarms.single.global_best - INFO - Optimization finished | best cost: -3.0, best pos: [0.40015799 0.43652744 0.47619027 0.44271021 0.32011468 0.49895408
 0.40704594 0.416491   0.49178404 0.25665471 0.42053033 0.46126054
 0.39991199 0.31844944 0.40034    0.4736757  0.4076    ]
2024-06-20 22:33:36,593 - pyswarms.single.global_best - INFO - Optimize for 1000 iters with {'c1': 0.1, 'c2': 0.1, 'w': 0.8}
2024-06-20 22:33:40,814 - pyswarms.single.global_best - INFO - Optimization finished | best cost: -3.0, best pos: [0.34854219 0.17333857 0.3028159  0.31128666 0.48217426 0.04122775
 0.3013029  0.21550909 0.1905188  0.15082204 0.26023683 0.20119531
 0.31461595 0.38914327 0.44654726 0.34804803 0.42818764]
2024-06-20 22:35:02,153 - pyswarms.single.global_best - INFO - Optimize for 1000 iters with {'c1': 0.1, 'c2': 0.1, 'w': 0.8}
2024-06-20 22:35:06,870 - pyswarms.single.global_best - INFO - Optimization finished | best cost: 34.0, best pos: [0.23869033 0.1815878  0.92508416 0.17060269 0.29175866 1.50383345
 1.36413158 1.67114684 0.28965664 0.12393073 0.49806366 0.21903181
 0.06596114 1.64864399 0.48870822 0.06809545 0.16108687]
2024-06-20 22:35:33,368 - pyswarms.single.global_best - INFO - Optimize for 1000 iters with {'c1': 0.1, 'c2': 0.1, 'w': 0.8}
2024-06-20 22:35:37,427 - pyswarms.single.global_best - INFO - Optimization finished | best cost: -57.0, best pos: [-0.38681448 -0.4623663  -0.59036568 -0.12966364 -0.26234385 -0.37838195
 -0.19583714 -0.31815574 -0.42332021 -0.29156482 -0.26323179 -0.55412288
 -0.21984149 -0.72753737 -0.23443642 -0.43142933 -0.3206032 ]
2024-06-20 22:36:18,285 - pyswarms.single.global_best - INFO - Optimize for 1000 iters with {'c1': 0.1, 'c2': 0.1, 'w': 0.8}
2024-06-20 22:36:22,519 - pyswarms.single.global_best - INFO - Optimization finished | best cost: -24.0, best pos: [-0.49188692 -0.54617449 -0.54492037 -0.3671832  -0.51035597 -0.19016682
 -0.32431395 -0.83949703 -0.34584908 -0.48125493 -0.59089676 -0.33127706
 -0.39290984 -0.16506829 -0.44034175 -0.30275713 -0.72530734 -0.85048914
 -0.5578669 ]
2024-06-20 22:36:38,903 - pyswarms.single.global_best - INFO - Optimize for 1000 iters with {'c1': 0.1, 'c2': 0.1, 'w': 0.8}
2024-06-20 22:36:47,953 - pyswarms.single.global_best - INFO - Optimization finished | best cost: -149.0, best pos: [-0.70378637 -0.3651919  -0.28043463 -0.67665508 -0.39059482 -0.45358735
 -0.67351459 -0.58121477 -0.78250523 -0.66433631 -0.6180627  -0.49497264
 -0.49351053 -0.5491456  -0.53183008 -0.12430321 -0.61488357 -0.33567839
 -0.81214608 -0.33024115 -0.49566392 -0.12671139 -0.27139218 -0.88569297
 -0.2497707  -0.39323181 -0.35471681 -0.52894938 -0.3149903  -0.43150734
 -0.33558921 -0.40664411 -0.16762388 -0.72090756]
2024-06-20 22:36:52,671 - pyswarms.single.global_best - INFO - Optimize for 1000 iters with {'c1': 0.1, 'c2': 0.1, 'w': 0.8}
2024-06-20 22:37:01,831 - pyswarms.single.global_best - INFO - Optimization finished | best cost: -135.0, best pos: [-0.71339525 -0.49361403 -0.24694191 -0.36491555 -0.52456318 -0.42409018
 -0.27688356 -0.35161855 -0.55068675 -0.55565887 -0.59966891 -0.20421721
 -0.37000029 -0.66819374 -0.52000588 -0.29286087 -0.55573445 -0.32620151
 -0.72957373 -0.3626034  -0.42501973 -0.0387474  -0.37266297 -0.67103445
 -0.66344349 -0.61544827 -0.28268219 -0.608602   -0.6511665  -0.79148252
 -0.09343796 -0.22834717 -0.387565   -0.61170753]
2024-06-20 22:37:06,447 - pyswarms.single.global_best - INFO - Optimize for 1000 iters with {'c1': 0.1, 'c2': 0.1, 'w': 0.8}
2024-06-20 22:37:15,541 - pyswarms.single.global_best - INFO - Optimization finished | best cost: -155.0, best pos: [-0.89340238 -0.4086856  -0.0043586  -0.83140593 -0.38347944 -0.21321133
 -0.40342427 -0.79990883 -0.59290601 -0.37017455 -0.3602756  -0.35088885
 -0.22812363 -0.69424989 -0.50183023 -0.3150205  -0.09235001 -0.3248587
 -0.9025248  -0.35147931 -0.37431819 -0.25243239 -0.1195747  -0.6232104
 -0.32423286 -0.09189585 -0.34700222 -0.80748871 -0.48608351 -0.6247419
 -0.13615911 -0.58431137 -0.32274985 -0.77639233]
2024-06-20 22:37:30,136 - pyswarms.single.global_best - INFO - Optimize for 1000 iters with {'c1': 0.3, 'c2': 0.5, 'w': 0.8}
2024-06-20 22:38:08,490 - pyswarms.single.global_best - INFO - Optimization finished | best cost: -202.0, best pos: [-0.66929292 -0.45525138 -0.14949602 -0.52447295 -0.38414469 -0.39102733
 -0.1950633  -0.74273932 -0.54170715 -0.20174599 -0.66736588 -0.2767144
 -0.19637325 -0.99382538 -0.65063841 -0.36277743 -0.674805   -0.0036441
 -0.79802913 -0.36649193 -0.29077445 -0.15207107 -0.47773433 -0.51581037
 -0.32804703 -0.26844249 -0.42166833 -0.67374938 -0.33735753 -0.70951484
 -0.1634262  -0.11437875 -0.2620569  -0.69045513]
2024-06-20 22:38:41,462 - pyswarms.single.global_best - INFO - Optimize for 1000 iters with {'c1': 0.3, 'c2': 0.5, 'w': 0.8}
2024-06-20 22:40:15,409 - pyswarms.single.global_best - INFO - Optimization finished | best cost: -64.0, best pos: [-0.56918501 -0.65769264 -0.28035991 -0.48426106 -0.40857212 -0.70140877
 -0.56024966 -0.6446404  -0.71553589 -0.25948428 -0.49567674 -0.54125682
 -0.54986125 -0.31576455 -0.33460279 -0.52420232 -0.67098773 -0.45467279
 -0.1954937  -0.89448441 -0.43236156 -0.3486478  -0.6038867  -0.56087995
 -0.38211759 -0.17321066 -0.35069067 -0.4349669  -0.57992581 -0.42617658
 -0.27350097 -0.80863964 -0.3391221  -0.18090634 -0.64412465 -0.52813984
 -0.5252032  -0.55525886 -0.83686586 -0.44723244 -0.26528166 -0.14712157
 -0.1837681  -0.39175936 -0.48087352 -0.33388785 -0.25727391 -0.78340611
 -0.74020404 -0.55240251 -0.06724841 -0.52508626 -0.63952726 -0.54868721
 -0.51883234 -0.47544005 -0.44835881 -0.16194594 -0.22933845 -0.27276454
 -0.31417117 -0.32470566 -0.28892008 -0.3934812  -0.61401032 -0.60878551
 -0.64139903 -0.76411944 -0.37627717 -0.67826713 -0.71097207 -0.44017243
 -0.52359754 -0.7479782  -0.67535054 -0.63287236 -0.61713979 -0.42762016
 -0.41222792 -0.43434319 -0.18391646 -0.32313318 -0.41188616 -0.15254475
 -0.46884902 -0.71609536 -0.78851116 -0.73900487 -0.41650009 -0.67784346
 -0.58126268 -0.72468402 -0.48281606 -0.14704056 -0.36001826 -0.33208384
 -0.67391982 -0.67495217 -0.32564596 -0.6124744  -0.6661477  -0.24104112
 -0.45038453 -0.32959562 -0.60582744 -0.37778854 -0.56787278 -0.46292445
 -0.09593282 -0.50649434 -0.43927873 -0.32331477 -0.82545048 -0.37415934
 -0.62317326 -0.57471527 -0.56040403 -0.34107573 -0.1871809  -0.47029034
 -0.27136188 -0.17307312 -0.44271006 -0.79864683 -0.28452543 -0.2740391
 -0.51570383 -0.57533861 -0.48052679 -0.51184757]
2024-06-20 22:40:29,966 - pyswarms.single.global_best - INFO - Optimize for 1000 iters with {'c1': 0.3, 'c2': 0.5, 'w': 0.8}
2024-06-20 22:42:00,867 - pyswarms.single.global_best - INFO - Optimization finished | best cost: -81.0, best pos: [-0.17966257 -0.50802961 -0.80321211 -0.76375399 -0.57464567 -0.4786766
 -0.30659391 -0.71657052 -0.37767308 -0.85732634 -0.56125713 -0.42906432
 -0.80984623 -0.56762622 -0.76913735 -0.5715263  -0.41714351 -0.60989039
 -0.33077638 -0.42609848 -0.3670966  -0.45285958 -0.57537026 -0.65960223
 -0.54895236 -0.97176733 -0.70382787 -0.35400689 -0.3369387  -0.29092743
 -0.68162041 -0.67336619 -0.57858951 -0.01052967 -0.64061779 -0.19144099
 -0.51239463 -0.51701699 -0.45932148 -0.77982886 -0.57021736 -0.4579771
 -0.66644738 -0.22265574 -0.36657252 -0.39316837 -0.10646159 -0.41424658
 -0.38416425 -0.53954231 -0.78533795 -0.74144869 -0.10803334 -0.44102936
 -0.8137949  -0.75953391 -0.44910022 -0.33885926 -0.4865163  -0.29118632
 -0.61053884 -0.34676728 -0.54781345 -0.39049613 -0.69872864 -0.69678293
 -0.477205   -0.49593209 -0.57612585 -0.06980852 -0.75671373 -0.41969563
 -0.6383062  -0.34021146 -0.46282451 -0.84867513 -0.54866837 -0.64167727
 -0.70248653 -0.48753083 -0.41479538 -0.31877641 -0.31683063 -0.20355668
 -0.44603834 -0.34527326 -0.60193252 -0.4890883  -0.47343806 -0.77037499
 -0.14606004 -0.35965009 -0.63199841 -0.47025964 -0.7818024  -0.30194718
 -0.44246781 -0.54349123 -0.70378236 -0.42348065 -0.71977936 -0.40447591
 -0.41308443 -0.73259534 -0.32061106 -0.35498333 -0.42715644 -0.27562511
 -0.59767591 -0.17390269 -0.31713493 -0.5938449  -0.4251191  -0.52596612
 -0.58123757 -0.17930354 -0.6623701  -0.76135224 -0.45473568 -0.57996713
 -0.42187687 -0.87878569 -0.5945959  -0.18195617 -0.38291146 -0.53658007
 -0.61647462 -0.79148011 -0.51488414 -0.36377143]
2024-06-20 22:48:55,773 - pyswarms.single.global_best - INFO - Optimize for 1000 iters with {'c1': 0.3, 'c2': 0.5, 'w': 0.8}
2024-06-20 22:50:40,050 - pyswarms.single.global_best - INFO - Optimization finished | best cost: -74.0, best pos: [-0.4731878  -0.91547732 -0.31380624 -0.49518107 -0.6301914  -0.47260483
 -0.66762897 -0.4447755  -0.55336901 -0.33539522 -0.03595744 -0.64411062
 -0.421925   -0.38865951 -0.67977475 -0.54701954 -0.46213362 -0.47568758
 -0.40081504 -0.71553975 -0.13487752 -0.28811849 -0.28289979 -0.56837641
 -0.36531949 -0.41650174 -0.58886073 -0.36755581 -0.39105923 -0.16050995
 -0.23169021 -0.03734519 -0.51530454 -0.64408049 -0.31165526 -0.53178418
 -0.59701926 -0.41982576 -0.62361013 -0.73324571 -0.33035797 -0.38640016
 -0.42698271 -0.20648837 -0.06291349 -0.21415655 -0.56978196 -0.54548235
 -0.15343156 -0.5899843  -0.46686481 -0.60759715 -0.65536425 -0.29550468
 -0.48386732 -0.78325514 -0.31163828 -0.35106551 -0.39679487 -0.22134574
 -0.37451528 -0.15688273 -0.47293803 -0.45066685 -0.64652606 -0.76710658
 -0.72438738 -0.23219433 -0.3353299  -0.45313959 -0.8507321  -0.95685926
 -0.25205374 -0.80885669 -0.6142518  -0.44431767 -0.57143908 -0.71755527
 -0.6760189  -0.68899983 -0.38990586 -0.56057156 -0.50652705 -0.63444842
 -0.35822736 -0.27968305 -0.38703288 -0.48454706 -0.65548787 -0.36471808
 -0.2643756  -0.59380415 -0.73264436 -0.38215297 -0.57300646 -0.37227285
 -0.48896773 -0.34251765 -0.18796182 -0.46672065 -0.47665521 -0.14621056
 -0.6243106  -0.49270821 -0.44046296 -0.39431054 -0.3190668  -0.47329089
 -0.52825704 -0.38348625 -0.61381669 -0.55870132 -0.2963396  -0.17462736
 -0.56096474 -0.40574008 -0.72578208 -0.47029262 -0.66629059 -0.49668933
 -0.47393667 -0.51424275 -0.56420175 -0.4871499  -0.75455304 -0.61606293
 -0.37416357 -0.33996364 -0.4651751  -0.88423235]
2024-06-20 22:51:25,677 - pyswarms.single.global_best - INFO - Optimize for 1000 iters with {'c1': 0.3, 'c2': 0.5, 'w': 0.8}
2024-06-20 22:52:07,560 - pyswarms.single.global_best - INFO - Optimization finished | best cost: -202.0, best pos: [-0.77167935 -0.4818735  -0.01065671 -0.97234409 -0.29938056 -0.34119384
 -0.3932233  -0.77586422 -0.6407289  -0.47597019 -0.6172417  -0.15526241
 -0.23996121 -0.82141965 -0.61953786 -0.44164589 -0.93516937 -0.49738994
 -0.62100043 -0.48346388 -0.25327136 -0.23055303 -0.39976823 -0.57705233
 -0.12002483 -0.23815474 -0.34951563 -0.59839299 -0.34994909 -0.84450694
 -0.48983001 -0.3612607  -0.47115997 -0.65367519]
2024-06-20 22:54:50,571 - pyswarms.single.global_best - INFO - Optimize for 1000 iters with {'c1': 0.3, 'c2': 0.5, 'w': 0.8}
2024-06-20 22:55:11,015 - pyswarms.single.global_best - INFO - Optimization finished | best cost: -57.0, best pos: [-0.36363759 -0.84529968 -0.74125105 -0.28233703 -0.30154892 -0.32300534
 -0.15299275 -0.04587051 -0.19609504 -0.14129073 -0.26757886 -0.50844902
 -0.42641814 -0.60594565 -0.22609981 -0.36054453 -0.27275149]
